<?xml version="1.0" encoding="UTF-8"?>
<Site BuildName="Linux-g++"
	BuildStamp="20231122-0007-Experimental"
	Name="Thomas-Pc"
	Generator="ctest-3.28.0-rc1"
	CompilerName="/usr/bin/g++"
	CompilerVersion="11.4.0"
	OSName="Linux"
	Hostname="Thomas-Pc"
	OSRelease="5.15.133.1-microsoft-standard-WSL2"
	OSVersion="#1 SMP Thu Oct 5 21:02:42 UTC 2023"
	OSPlatform="x86_64"
	Is64Bits="1"
	VendorString="GenuineIntel"
	VendorID="Intel Corporation"
	FamilyID="6"
	ModelID="158"
	ProcessorCacheSize="16384"
	NumberOfLogicalCPU="16"
	NumberOfPhysicalCPU="8"
	TotalVirtualMemory="4096"
	TotalPhysicalMemory="15954"
	LogicalProcessorsPerPhysical="2"
	ProcessorClockFrequency="3600.01"
	>
	<Testing>
		<StartDateTime>Nov 22 04:24 CET</StartDateTime>
		<StartTestTime>1700623468</StartTestTime>
		<TestList>
			<Test>./healthCheck</Test>
		</TestList>
		<Test Status="failed">
			<Name>healthCheck</Name>
			<Path>.</Path>
			<FullName>./healthCheck</FullName>
			<FullCommandLine>/home/thomas/VS/cmake/build/testP1 "test/testP1.cpp"</FullCommandLine>
			<Results>
				<NamedMeasurement type="text/string" name="Exit Code">
					<Value>Failed</Value>
				</NamedMeasurement>
				<NamedMeasurement type="text/string" name="Exit Value">
					<Value>255</Value>
				</NamedMeasurement>
				<NamedMeasurement type="numeric/double" name="Execution Time">
					<Value>0.0013615</Value>
				</NamedMeasurement>
				<NamedMeasurement type="numeric/double" name="Processors">
					<Value>1</Value>
				</NamedMeasurement>
				<NamedMeasurement type="text/string" name="Completion Status">
					<Value>Completed</Value>
				</NamedMeasurement>
				<NamedMeasurement type="text/string" name="Command Line">
					<Value>/home/thomas/VS/cmake/build/testP1 "test/testP1.cpp"</Value>
				</NamedMeasurement>
				<NamedMeasurement type="text/string" name="Environment">
					<Value>#CTEST_RESOURCE_GROUP_COUNT=</Value>
				</NamedMeasurement>
				<Measurement>
					<Value>
GET Connection Failed 
</Value>
				</Measurement>
			</Results>
		</Test>
		<EndDateTime>Nov 22 04:24 CET</EndDateTime>
		<EndTestTime>1700623468</EndTestTime>
		<ElapsedMinutes>0</ElapsedMinutes>
	</Testing>
</Site>
