<?xml version="1.0" encoding="UTF-8"?>
<Site BuildName="Linux-g++"
	BuildStamp="20231121-2304-Experimental"
	Name="Thomas-Pc"
	Generator="ctest-3.28.0-rc1"
	CompilerName="/usr/bin/g++"
	CompilerVersion="11.4.0"
	OSName="Linux"
	Hostname="Thomas-Pc"
	OSRelease="5.15.133.1-microsoft-standard-WSL2"
	OSVersion="#1 SMP Thu Oct 5 21:02:42 UTC 2023"
	OSPlatform="x86_64"
	Is64Bits="1"
	VendorString="GenuineIntel"
	VendorID="Intel Corporation"
	FamilyID="6"
	ModelID="158"
	ProcessorCacheSize="16384"
	NumberOfLogicalCPU="16"
	NumberOfPhysicalCPU="8"
	TotalVirtualMemory="4096"
	TotalPhysicalMemory="15954"
	LogicalProcessorsPerPhysical="2"
	ProcessorClockFrequency="3600.01"
	>
	<Testing>
		<StartDateTime>Nov 22 00:57 CET</StartDateTime>
		<StartTestTime>1700611052</StartTestTime>
		<TestList/>
		<EndDateTime>Nov 22 00:57 CET</EndDateTime>
		<EndTestTime>1700611052</EndTestTime>
		<ElapsedMinutes>0</ElapsedMinutes>
	</Testing>
</Site>
