<?xml version="1.0" encoding="UTF-8"?>
<Site BuildName="Darwin-clang++"
	BuildStamp="20240101-0959-Experimental"
	Name="Fabians-MacBook-Air.local"
	Generator="ctest-3.28.0"
	CompilerName="/usr/bin/clang++"
	CompilerVersion="14.0.0.14000029"
	OSName="macOS"
	Hostname="Fabians-MacBook-Air.local"
	OSRelease="14.1.1"
	OSVersion="23B81"
	OSPlatform="arm64"
	Is64Bits="1"
	VendorString="IBM"
	VendorID="IBM"
	FamilyID="16777228"
	ModelID="2"
	ProcessorCacheSize="131072"
	NumberOfLogicalCPU="8"
	NumberOfPhysicalCPU="8"
	TotalVirtualMemory="1024"
	TotalPhysicalMemory="8192"
	LogicalProcessorsPerPhysical="8"
	ProcessorClockFrequency="0"
	>
	<Testing>
		<StartDateTime>Jan 01 10:59 CET</StartDateTime>
		<StartTestTime>1704103185</StartTestTime>
		<TestList/>
		<EndDateTime>Jan 01 10:59 CET</EndDateTime>
		<EndTestTime>1704103185</EndTestTime>
		<ElapsedMinutes>0</ElapsedMinutes>
	</Testing>
</Site>
